0 info it worked if it ends with ok
1 verbose cli [ '/usr/local/bin/node', '/usr/local/bin/npm', 'publish' ]
2 info using npm@3.10.10
3 info using node@v6.11.3
4 verbose publish [ '.' ]
5 silly cache add args [ '.', null ]
6 verbose cache add spec .
7 silly cache add parsed spec Result {
7 silly cache add   raw: '.',
7 silly cache add   scope: null,
7 silly cache add   escapedName: null,
7 silly cache add   name: null,
7 silly cache add   rawSpec: '.',
7 silly cache add   spec: '/Users/William/Repos/homebridge-jlr-incontrol',
7 silly cache add   type: 'directory' }
8 verbose addLocalDirectory /Users/William/.npm/homebridge-jlr-incontrol/0.1.0/package.tgz not in flight; packing
9 verbose correctMkdir /Users/William/.npm correctMkdir not in flight; initializing
10 info lifecycle homebridge-jlr-incontrol@0.1.0~prepublish: homebridge-jlr-incontrol@0.1.0
11 silly lifecycle homebridge-jlr-incontrol@0.1.0~prepublish: no script for prepublish, continuing
12 verbose tar pack [ '/Users/William/.npm/homebridge-jlr-incontrol/0.1.0/package.tgz',
12 verbose tar pack   '/Users/William/Repos/homebridge-jlr-incontrol' ]
13 verbose tarball /Users/William/.npm/homebridge-jlr-incontrol/0.1.0/package.tgz
14 verbose folder /Users/William/Repos/homebridge-jlr-incontrol
15 verbose addLocalTarball adding from inside cache /Users/William/.npm/homebridge-jlr-incontrol/0.1.0/package.tgz
16 verbose correctMkdir /Users/William/.npm correctMkdir not in flight; initializing
17 silly cache afterAdd homebridge-jlr-incontrol@0.1.0
18 verbose afterAdd /Users/William/.npm/homebridge-jlr-incontrol/0.1.0/package/package.json not in flight; writing
19 verbose correctMkdir /Users/William/.npm correctMkdir not in flight; initializing
20 verbose afterAdd /Users/William/.npm/homebridge-jlr-incontrol/0.1.0/package/package.json written
21 silly publish { name: 'homebridge-jlr-incontrol',
21 silly publish   version: '0.1.0',
21 silly publish   description: 'Jaguar Land Roger InControl support for Homebridge: https://github.com/nfarina/homebridge',
21 silly publish   license: 'ISC',
21 silly publish   keywords: [ 'homebridge-plugin' ],
21 silly publish   repository:
21 silly publish    { type: 'git',
21 silly publish      url: 'git://github.com/WonkiDonk/homebridge-jlr-incontrol.git' },
21 silly publish   bugs: { url: 'http://github.com/WonkiDonk/homebridge-jlr-incontrol/issues' },
21 silly publish   engines: { node: '>=0.12.0', homebridge: '>=0.2.0' },
21 silly publish   main: 'dist/index.js',
21 silly publish   files: [ 'dist' ],
21 silly publish   dependencies:
21 silly publish    { '@babel/polyfill': '^7.0.0',
21 silly publish      request: '^2.88.0',
21 silly publish      'request-promise-native': '^1.0.7' },
21 silly publish   devDependencies:
21 silly publish    { '@babel/core': '^7.1.6',
21 silly publish      '@babel/plugin-proposal-class-properties': '^7.1.0',
21 silly publish      '@babel/preset-env': '^7.1.6',
21 silly publish      '@babel/preset-typescript': '^7.1.0',
21 silly publish      prettier: '^1.16.4',
21 silly publish      rollup: '^0.67.1',
21 silly publish      'rollup-plugin-babel': '^4.0.3',
21 silly publish      'rollup-plugin-node-resolve': '^3.4.0' },
21 silly publish   scripts:
21 silly publish    { dev: 'rollup -c -w',
21 silly publish      build: 'rollup -c',
21 silly publish      prepublishOnly: 'npm run build' },
21 silly publish   readme: '# homebridge-jlr-incontrol\n\nJaguar Land Rover InControl plug in for Homebridge.\n\n> Based on [https://github.com/nfarina/homebridge-tesla](homebridge-tesla).\n\nExample config.json:\n\n    {\n      "accessories": [\n        {\n          "accessory": "Jaguar Land Rover InControl",\n          "name": "I-PACE",\n          "vin": "1AAAAA111AA111111",\n          "username": "foo@bar.uk",\n          "password": "foobar",\n          "pin": 1234,\n          "deviceId": "UUID",\n          "lowBatteryThreshold": 25\n        }\n      ]\n    }\n\n- `deviceId` needs to be a unique device identifier to identify your Homebridge.\n- `lowBatteryThresold` defines the battery level below which the battery is considered to be low.\n  Defaults to 25% if the value is not specified.\n\nExposes:\n\n- Battery service;\n- Door Lock service;\n- Vehicle pre-conditioning on/off switch _(coming soon)_;\n\nIf you use the example above, you would gain Siri commands like:\n\n- _"What is the charge level on the I-PACE?"_ (check the charge level of the battery)\n- _"Is the I-PACE charging?"_ (is the car charging?)\n- _"Is the I-PACE locked?"_ (check if the car is locked)\n- _"Open the I-PACE"_ (unlock the vehicle)\n- _"Turn on the I-PACE"_ (pre-condition the I-PACE)\n\n## Multiple Vehicles\n\nHave a garage full of Jaguar Land Rovers? You can easily add all of\nthem to HomeKit by creating a separate accessory for each one\ndistinguished by their unique VIN numbers:\n\n    {\n      "accessories": [\n        {\n          "accessory": "Jaguar Land Rover InControl",\n          "name": "I-PACE",\n          "vin": "1AAAAA111AA111111",\n          "username": "foo@bar.uk",\n          "password": "foobar",\n          "pin": 1234,\n          "deviceId": "951208e8-a75d-4009-9faf-0039f728f82e"\n        },\n        {\n          "accessory": "Jaguar Land Rover InControl",\n          "name": "Range Rover",\n          "vin": "2BBBBB222BB22222",\n          "username": "foo@bar.uk",\n          "password": "foobar",\n          "pin": 1234,\n          "deviceId": "69df52b-0c86-49eb-b115-de789fd4400d"\n        }\n      ]\n    }\n\nIf you use the example above, you would gain Siri commands like:\n\n- _"Open the I-PACE"_ (unlock the **I-PACE**)\n- _"Open the Range Rover"_ (unlock the **Range Rover**)\n- _"Turn on the I-PACE"_ (pre-condition **on the I-PACE**)\n\n## Development\n\nYou can run Rollup in watch mode to automatically transpile code as you write it:\n\n```sh\n  npm run dev\n```\n',
21 silly publish   readmeFilename: 'README.md',
21 silly publish   gitHead: '9894089c5c101ea93e6523b1b4103e4dca86234a',
21 silly publish   homepage: 'https://github.com/WonkiDonk/homebridge-jlr-incontrol#readme',
21 silly publish   _id: 'homebridge-jlr-incontrol@0.1.0',
21 silly publish   _shasum: 'e0812b93dadcccfb31a1f906103bfccd39f01e1b',
21 silly publish   _from: '.' }
22 verbose getPublishConfig undefined
23 silly mapToRegistry name homebridge-jlr-incontrol
24 silly mapToRegistry using default registry
25 silly mapToRegistry registry https://registry.npmjs.org/
26 silly mapToRegistry data Result {
26 silly mapToRegistry   raw: 'homebridge-jlr-incontrol',
26 silly mapToRegistry   scope: null,
26 silly mapToRegistry   escapedName: 'homebridge-jlr-incontrol',
26 silly mapToRegistry   name: 'homebridge-jlr-incontrol',
26 silly mapToRegistry   rawSpec: '',
26 silly mapToRegistry   spec: 'latest',
26 silly mapToRegistry   type: 'tag' }
27 silly mapToRegistry uri https://registry.npmjs.org/homebridge-jlr-incontrol
28 verbose publish registryBase https://registry.npmjs.org/
29 silly publish uploading /Users/William/.npm/homebridge-jlr-incontrol/0.1.0/package.tgz
30 verbose request uri https://registry.npmjs.org/homebridge-jlr-incontrol
31 verbose request sending authorization for write operation
32 info attempt registry request try #1 at 3:21:28 PM
33 verbose request using bearer token for auth
34 verbose request id bf05fe8829c93056
35 http request PUT https://registry.npmjs.org/homebridge-jlr-incontrol
36 http 403 https://registry.npmjs.org/homebridge-jlr-incontrol
37 verbose headers { date: 'Fri, 22 Mar 2019 15:21:29 GMT',
37 verbose headers   'content-type': 'application/json',
37 verbose headers   'transfer-encoding': 'chunked',
37 verbose headers   connection: 'keep-alive',
37 verbose headers   'set-cookie': [ '__cfduid=da8198055fdbd44db1d7762f7721e0a961553268088; expires=Sat, 21-Mar-20 15:21:28 GMT; path=/; domain=.registry.npmjs.org; HttpOnly' ],
37 verbose headers   'cf-ray': '4bb927d13991bbb4-LHR',
37 verbose headers   'expect-ct': 'max-age=604800, report-uri="https://report-uri.cloudflare.com/cdn-cgi/beacon/expect-ct"',
37 verbose headers   vary: 'Accept-Encoding',
37 verbose headers   server: 'cloudflare',
37 verbose headers   'content-encoding': 'gzip' }
38 verbose request invalidating /Users/William/.npm/registry.npmjs.org/homebridge-jlr-incontrol on PUT
39 error publish Failed PUT 403
40 verbose stack Error: you must verify your email before publishing a new package: https://www.npmjs.com/email-edit : homebridge-jlr-incontrol
40 verbose stack     at makeError (/usr/local/lib/node_modules/npm/node_modules/npm-registry-client/lib/request.js:302:12)
40 verbose stack     at CachingRegistryClient.<anonymous> (/usr/local/lib/node_modules/npm/node_modules/npm-registry-client/lib/request.js:290:14)
40 verbose stack     at /usr/local/lib/node_modules/npm/node_modules/npm-registry-client/lib/request.js:216:7
40 verbose stack     at Gunzip.onEnd (zlib.js:227:5)
40 verbose stack     at emitNone (events.js:91:20)
40 verbose stack     at Gunzip.emit (events.js:185:7)
40 verbose stack     at endReadableNT (_stream_readable.js:974:12)
40 verbose stack     at _combinedTickCallback (internal/process/next_tick.js:80:11)
40 verbose stack     at process._tickCallback (internal/process/next_tick.js:104:9)
41 verbose statusCode 403
42 verbose pkgid homebridge-jlr-incontrol
43 verbose cwd /Users/William/Repos/homebridge-jlr-incontrol
44 error Darwin 18.0.0
45 error argv "/usr/local/bin/node" "/usr/local/bin/npm" "publish"
46 error node v6.11.3
47 error npm  v3.10.10
48 error code E403
49 error you must verify your email before publishing a new package: https://www.npmjs.com/email-edit : homebridge-jlr-incontrol
50 error If you need help, you may report this error at:
50 error     <https://github.com/npm/npm/issues>
51 verbose exit [ 1, true ]
